# column   1     --> step : The current simulation time step.
# column   2     --> time{picosecond} : The elapsed simulation time.
# column   3     --> conserved{electronvolt} : The value of the conserved energy quantity per bead.
# column   4     --> temperature{kelvin} : The current temperature, as obtained from the MD kinetic energy.
# column   5     --> kinetic_cv{electronvolt} : The centroid-virial quantum kinetic energy of the physical system.
# column   6     --> potential{electronvolt} : The physical system potential energy.
# column   7     --> pressure_cv{megapascal} : The quantum estimator for pressure of the physical system.
    0.00000000e+00     0.00000000e+00    -3.37032051e+01     2.98097912e+02     2.51281700e+01    -5.86624013e+01    -6.53693863e+02   
    1.00000000e+00     5.00000000e-04    -3.37506705e+01     3.22625409e+02     2.51281700e+01    -6.07296430e+01    -6.25559154e+02   
    2.00000000e+00     1.00000000e-03    -3.39228846e+01     3.98624409e+02     2.51281700e+01    -6.71287712e+01    -6.51193017e+02   
    3.00000000e+00     1.50000000e-03    -3.41248065e+01     4.89887613e+02     2.51281700e+01    -7.51688513e+01    -6.59437615e+02   
    4.00000000e+00     2.00000000e-03    -3.42701441e+01     5.63376190e+02     2.51281700e+01    -8.16362954e+01    -5.46314716e+02   
    5.00000000e+00     2.50000000e-03    -3.43191313e+01     5.92866909e+02     2.51281700e+01    -8.42236008e+01    -2.48158063e+02   
    6.00000000e+00     3.00000000e-03    -3.42555001e+01     5.71814293e+02     2.51281700e+01    -8.22218764e+01     2.23008205e+02   
    7.00000000e+00     3.50000000e-03    -3.40815782e+01     5.06618523e+02     2.51281700e+01    -7.67533545e+01     7.57075463e+02   
    8.00000000e+00     4.00000000e-03    -3.38675544e+01     4.34449760e+02     2.51281700e+01    -7.06982105e+01     1.19978633e+03   
    9.00000000e+00     4.50000000e-03    -3.37509061e+01     3.97155578e+02     2.51281700e+01    -6.73953197e+01     1.40899100e+03   
    1.00000000e+01     5.00000000e-03    -3.38064123e+01     4.12056906e+02     2.51281700e+01    -6.86621121e+01     1.30400986e+03   
    1.10000000e+01     5.50000000e-03    -3.39770665e+01     4.68344645e+02     2.51281700e+01    -7.36865128e+01     9.11764526e+02   
    1.20000000e+01     6.00000000e-03    -3.41504779e+01     5.38647997e+02     2.51281700e+01    -7.97893519e+01     3.54889547e+02   
    1.30000000e+01     6.50000000e-03    -3.42490945e+01     5.87009341e+02     2.51281700e+01    -8.41361551e+01    -2.17085849e+02   
    1.40000000e+01     7.00000000e-03    -3.42627020e+01     5.96819505e+02     2.51281700e+01    -8.49802256e+01    -6.67617082e+02   
    1.50000000e+01     7.50000000e-03    -3.42018375e+01     5.61418651e+02     2.51281700e+01    -8.20055860e+01    -9.30001405e+02   
    1.60000000e+01     8.00000000e-03    -3.40766955e+01     4.91630233e+02     2.51281700e+01    -7.61770206e+01    -1.00898613e+03   
    1.70000000e+01     8.50000000e-03    -3.39132773e+01     4.12539328e+02     2.51281700e+01    -6.95414542e+01    -9.64990257e+02   
    1.80000000e+01     9.00000000e-03    -3.37762151e+01     3.55618792e+02     2.51281700e+01    -6.46982813e+01    -8.83390601e+02   
    1.90000000e+01     9.50000000e-03    -3.37439113e+01     3.45121566e+02     2.51281700e+01    -6.37602311e+01    -8.32860696e+02   
    2.00000000e+01     1.00000000e-02    -3.38437795e+01     3.82687637e+02     2.51281700e+01    -6.71892441e+01    -8.35102124e+02   
    2.10000000e+01     1.05000000e-02    -3.40189790e+01     4.55655709e+02     2.51281700e+01    -7.34394875e+01    -8.38079194e+02   
    2.20000000e+01     1.10000000e-02    -3.41803830e+01     5.29247016e+02     2.51281700e+01    -7.97981165e+01    -7.64948109e+02   
    2.30000000e+01     1.15000000e-02    -3.42685191e+01     5.75059558e+02     2.51281700e+01    -8.37289315e+01    -5.40777722e+02   
    2.40000000e+01     1.20000000e-02    -3.42590305e+01     5.76291005e+02     2.51281700e+01    -8.38746470e+01    -1.46542227e+02   
    2.50000000e+01     1.25000000e-02    -3.41518350e+01     5.36288839e+02     2.51281700e+01    -8.04734356e+01     3.61743659e+02   
    2.60000000e+01     1.30000000e-02    -3.39803858e+01     4.76419827e+02     2.51281700e+01    -7.53536999e+01     8.62770579e+02   
    2.70000000e+01     1.35000000e-02    -3.38442649e+01     4.27580963e+02     2.51281700e+01    -7.12509125e+01     1.21443881e+03   
    2.80000000e+01     1.40000000e-02    -3.38235786e+01     4.16676551e+02     2.51281700e+01    -7.03477736e+01     1.31481064e+03   
    2.90000000e+01     1.45000000e-02    -3.39151033e+01     4.44657748e+02     2.51281700e+01    -7.30225064e+01     1.13186908e+03   
    3.00000000e+01     1.50000000e-02    -3.40608511e+01     4.98062169e+02     2.51281700e+01    -7.78293104e+01     7.28352532e+02   
    3.10000000e+01     1.55000000e-02    -3.41834043e+01     5.51425912e+02     2.51281700e+01    -8.24599813e+01     2.21353807e+02   
    3.20000000e+01     1.60000000e-02    -3.42376397e+01     5.79144949e+02     2.51281700e+01    -8.48909978e+01    -2.65325046e+02   
    3.30000000e+01     1.65000000e-02    -3.42171916e+01     5.69993852e+02     2.51281700e+01    -8.41426951e+01    -6.38268495e+02   
    3.40000000e+01     1.70000000e-02    -3.41370986e+01     5.28909978e+02     2.51281700e+01    -8.04381081e+01    -8.54135183e+02   
    3.50000000e+01     1.75000000e-02    -3.40136683e+01     4.63584900e+02     2.51281700e+01    -7.50634345e+01    -9.38776489e+02   
    3.60000000e+01     1.80000000e-02    -3.38868114e+01     4.02332714e+02     2.51281700e+01    -6.99886652e+01    -9.39751115e+02   
    3.70000000e+01     1.85000000e-02    -3.38129789e+01     3.69704112e+02     2.51281700e+01    -6.71963745e+01    -9.15124388e+02   
    3.80000000e+01     1.90000000e-02    -3.38342236e+01     3.74288715e+02     2.51281700e+01    -6.78244878e+01    -9.04918408e+02   
    3.90000000e+01     1.95000000e-02    -3.39443501e+01     4.17369365e+02     2.51281700e+01    -7.15226698e+01    -8.90876391e+02   
    4.00000000e+01     2.00000000e-02    -3.40915503e+01     4.74534318e+02     2.51281700e+01    -7.65752869e+01    -8.28150793e+02   
    4.10000000e+01     2.05000000e-02    -3.42024811e+01     5.22618924e+02     2.51281700e+01    -8.06962834e+01    -6.50948737e+02   
    4.20000000e+01     2.10000000e-02    -3.42322803e+01     5.38305598e+02     2.51281700e+01    -8.21857860e+01    -3.32290470e+02   
    4.30000000e+01     2.15000000e-02    -3.41681763e+01     5.18663723e+02     2.51281700e+01    -8.06529674e+01     1.03842421e+02   
    4.40000000e+01     2.20000000e-02    -3.40450657e+01     4.77178213e+02     2.51281700e+01    -7.72007909e+01     5.71599883e+02   
    4.50000000e+01     2.25000000e-02    -3.39284815e+01     4.39380418e+02     2.51281700e+01    -7.38492455e+01     9.59017879e+02   
    4.60000000e+01     2.30000000e-02    -3.38884109e+01     4.23864972e+02     2.51281700e+01    -7.24532375e+01     1.16159726e+03   
    4.70000000e+01     2.35000000e-02    -3.39319244e+01     4.35341927e+02     2.51281700e+01    -7.37028201e+01     1.12548371e+03   
    4.80000000e+01     2.40000000e-02    -3.40264186e+01     4.72251084e+02     2.51281700e+01    -7.69258554e+01     8.78121899e+02   
    4.90000000e+01     2.45000000e-02    -3.41218201e+01     5.12511917e+02     2.51281700e+01    -8.06163847e+01     4.85844222e+02   
    5.00000000e+01     2.50000000e-02    -3.41804986e+01     5.40230410e+02     2.51281700e+01    -8.32025454e+01     4.87144933e+01   
    5.10000000e+01     2.55000000e-02    -3.41905506e+01     5.43172797e+02     2.51281700e+01    -8.36924450e+01    -3.48554683e+02   
    5.20000000e+01     2.60000000e-02    -3.41491921e+01     5.22801322e+02     2.51281700e+01    -8.18998341e+01    -6.47245735e+02   
    5.30000000e+01     2.65000000e-02    -3.40713081e+01     4.80711500e+02     2.51281700e+01    -7.84460755e+01    -8.42400883e+02   
    5.40000000e+01     2.70000000e-02    -3.39751619e+01     4.35257984e+02     2.51281700e+01    -7.45859853e+01    -9.47562291e+02   
    5.50000000e+01     2.75000000e-02    -3.39095222e+01     3.99647203e+02     2.51281700e+01    -7.17899588e+01    -1.00195838e+03   
    5.60000000e+01     2.80000000e-02    -3.39070032e+01     3.89028917e+02     2.51281700e+01    -7.10912306e+01    -1.02591218e+03   
    5.70000000e+01     2.85000000e-02    -3.39602409e+01     4.04926662e+02     2.51281700e+01    -7.25610684e+01    -1.01856164e+03   
    5.80000000e+01     2.90000000e-02    -3.40442713e+01     4.36506438e+02     2.51281700e+01    -7.53556139e+01    -9.55481531e+02   
    5.90000000e+01     2.95000000e-02    -3.41305028e+01     4.69351300e+02     2.51281700e+01    -7.81385654e+01    -7.97865143e+02   
    6.00000000e+01     3.00000000e-02    -3.41722005e+01     4.86340217e+02     2.51281700e+01    -7.96216233e+01    -5.25094939e+02   
    6.10000000e+01     3.05000000e-02    -3.41472848e+01     4.79695053e+02     2.51281700e+01    -7.92158668e+01    -1.51272527e+02   
    6.20000000e+01     3.10000000e-02    -3.40741295e+01     4.56278378e+02     2.51281700e+01    -7.73760765e+01     2.70460323e+02   
    6.30000000e+01     3.15000000e-02    -3.39991729e+01     4.33772338e+02     2.51281700e+01    -7.53130496e+01     6.66132431e+02   
    6.40000000e+01     3.20000000e-02    -3.39718865e+01     4.21899518e+02     2.51281700e+01    -7.42374573e+01     9.50172170e+02   
    6.50000000e+01     3.25000000e-02    -3.39932225e+01     4.25091603e+02     2.51281700e+01    -7.46537371e+01     1.06794305e+03   
    6.60000000e+01     3.30000000e-02    -3.40363284e+01     4.44211298e+02     2.51281700e+01    -7.62963209e+01     1.01306804e+03   
    6.70000000e+01     3.35000000e-02    -3.40832314e+01     4.68760852e+02     2.51281700e+01    -7.84823749e+01     8.08224054e+02   
    6.80000000e+01     3.40000000e-02    -3.41219343e+01     4.89273554e+02     2.51281700e+01    -8.04153793e+01     5.02895591e+02   
    6.90000000e+01     3.45000000e-02    -3.41416526e+01     4.98220958e+02     2.51281700e+01    -8.14247749e+01     1.55018815e+02   
    7.00000000e+01     3.50000000e-02    -3.41375034e+01     4.93240771e+02     2.51281700e+01    -8.11578883e+01    -1.81881797e+02   
    7.10000000e+01     3.55000000e-02    -3.41026681e+01     4.74533979e+02     2.51281700e+01    -7.96663152e+01    -4.74474446e+02   
    7.20000000e+01     3.60000000e-02    -3.40408043e+01     4.48892024e+02     2.51281700e+01    -7.74912602e+01    -7.08111795e+02   
    7.30000000e+01     3.65000000e-02    -3.39885650e+01     4.26482880e+02     2.51281700e+01    -7.55442890e+01    -8.83492986e+02   
    7.40000000e+01     3.70000000e-02    -3.39772738e+01     4.14938168e+02     2.51281700e+01    -7.46153229e+01    -1.00446559e+03   
    7.50000000e+01     3.75000000e-02    -3.40032492e+01     4.17725023e+02     2.51281700e+01    -7.49160109e+01    -1.06463782e+03   
    7.60000000e+01     3.80000000e-02    -3.40430033e+01     4.30145179e+02     2.51281700e+01    -7.60811773e+01    -1.04897065e+03   
    7.70000000e+01     3.85000000e-02    -3.40878283e+01     4.45987714e+02     2.51281700e+01    -7.74800315e+01    -9.36606708e+02   
    7.80000000e+01     3.90000000e-02    -3.41195250e+01     4.55831556e+02     2.51281700e+01    -7.84522315e+01    -7.18992334e+02   
    7.90000000e+01     3.95000000e-02    -3.41184138e+01     4.57365441e+02     2.51281700e+01    -7.85529043e+01    -4.04310834e+02   
    8.00000000e+01     4.00000000e-02    -3.40825009e+01     4.49703624e+02     2.51281700e+01    -7.78462475e+01    -3.24970022e+01   
    8.10000000e+01     4.05000000e-02    -3.40354508e+01     4.38054942e+02     2.51281700e+01    -7.69383240e+01     3.36271813e+02   
    8.20000000e+01     4.10000000e-02    -3.40197516e+01     4.34982793e+02     2.51281700e+01    -7.65734260e+01     6.48748103e+02   
    8.30000000e+01     4.15000000e-02    -3.40418007e+01     4.41568053e+02     2.51281700e+01    -7.70381531e+01     8.57852731e+02   
    8.40000000e+01     4.20000000e-02    -3.40747582e+01     4.52667019e+02     2.51281700e+01    -7.80255086e+01     9.41042544e+02   
    8.50000000e+01     4.25000000e-02    -3.40901836e+01     4.63348447e+02     2.51281700e+01    -7.90436348e+01     9.00986211e+02   
    8.60000000e+01     4.30000000e-02    -3.40940370e+01     4.72625748e+02     2.51281700e+01    -7.98216383e+01     7.56989363e+02   
    8.70000000e+01     4.35000000e-02    -3.40974202e+01     4.75653281e+02     2.51281700e+01    -8.02583320e+01     5.28352144e+02   
    8.80000000e+01     4.40000000e-02    -3.40984187e+01     4.76454551e+02     2.51281700e+01    -8.02809678e+01     2.51287452e+02   
    8.90000000e+01     4.45000000e-02    -3.40912236e+01     4.70708865e+02     2.51281700e+01    -7.98511171e+01    -4.85234238e+01   
    9.00000000e+01     4.50000000e-02    -3.40682356e+01     4.61275709e+02     2.51281700e+01    -7.90571717e+01    -3.40019204e+02   
    9.10000000e+01     4.55000000e-02    -3.40395029e+01     4.50493722e+02     2.51281700e+01    -7.82045605e+01    -6.00205223e+02   
    9.20000000e+01     4.60000000e-02    -3.40302206e+01     4.43656164e+02     2.51281700e+01    -7.76692640e+01    -8.07931148e+02   
    9.30000000e+01     4.65000000e-02    -3.40412566e+01     4.43047982e+02     2.51281700e+01    -7.75701648e+01    -9.44162093e+02   
    9.40000000e+01     4.70000000e-02    -3.40578491e+01     4.44326819e+02     2.51281700e+01    -7.77303086e+01    -9.94978556e+02   
    9.50000000e+01     4.75000000e-02    -3.40709171e+01     4.43440857e+02     2.51281700e+01    -7.78949506e+01    -9.49099273e+02   
    9.60000000e+01     4.80000000e-02    -3.40802357e+01     4.42445165e+02     2.51281700e+01    -7.78613621e+01    -7.97825029e+02   
    9.70000000e+01     4.85000000e-02    -3.40786963e+01     4.38714016e+02     2.51281700e+01    -7.75036166e+01    -5.55266398e+02   
    9.80000000e+01     4.90000000e-02    -3.40629899e+01     4.31072251e+02     2.51281700e+01    -7.68878791e+01    -2.53529289e+02   
    9.90000000e+01     4.95000000e-02    -3.40371767e+01     4.24025748e+02     2.51281700e+01    -7.63320396e+01     6.76993789e+01   
    1.00000000e+02     5.00000000e-02    -3.40282712e+01     4.23242157e+02     2.51281700e+01    -7.62643470e+01     3.66031431e+02   
    1.01000000e+02     5.05000000e-02    -3.40502316e+01     4.31613157e+02     2.51281700e+01    -7.68429491e+01     6.10685349e+02   
    1.02000000e+02     5.10000000e-02    -3.40864749e+01     4.38001082e+02     2.51281700e+01    -7.77684566e+01     7.72961524e+02   
    1.03000000e+02     5.15000000e-02    -3.41063954e+01     4.45915674e+02     2.51281700e+01    -7.85492540e+01     8.59816276e+02   
    1.04000000e+02     5.20000000e-02    -3.41051665e+01     4.50801137e+02     2.51281700e+01    -7.89030800e+01     8.70451847e+02   
    1.05000000e+02     5.25000000e-02    -3.40951549e+01     4.48798708e+02     2.51281700e+01    -7.88588306e+01     8.01944652e+02   
    1.06000000e+02     5.30000000e-02    -3.40912979e+01     4.44993852e+02     2.51281700e+01    -7.85850250e+01     6.62645518e+02   
    1.07000000e+02     5.35000000e-02    -3.40829241e+01     4.38335485e+02     2.51281700e+01    -7.82014254e+01     4.57771243e+02   
    1.08000000e+02     5.40000000e-02    -3.40659436e+01     4.33936116e+02     2.51281700e+01    -7.78573200e+01     2.06929737e+02   
    1.09000000e+02     5.45000000e-02    -3.40549784e+01     4.33350435e+02     2.51281700e+01    -7.77618884e+01    -6.81946853e+01   
    1.10000000e+02     5.50000000e-02    -3.40599120e+01     4.37270006e+02     2.51281700e+01    -7.80135732e+01    -3.38958936e+02   
    1.11000000e+02     5.55000000e-02    -3.40746368e+01     4.41241413e+02     2.51281700e+01    -7.84684604e+01    -5.76909302e+02   
    1.12000000e+02     5.60000000e-02    -3.40859156e+01     4.45110749e+02     2.51281700e+01    -7.88407254e+01    -7.46421231e+02   
    1.13000000e+02     5.65000000e-02    -3.40855777e+01     4.46751211e+02     2.51281700e+01    -7.89168387e+01    -8.23438040e+02   
    1.14000000e+02     5.70000000e-02    -3.40850305e+01     4.43040956e+02     2.51281700e+01    -7.86572065e+01    -8.01856712e+02   
    1.15000000e+02     5.75000000e-02    -3.40795183e+01     4.36947441e+02     2.51281700e+01    -7.81094281e+01    -6.83159847e+02   
    1.16000000e+02     5.80000000e-02    -3.40647616e+01     4.27556316e+02     2.51281700e+01    -7.74157561e+01    -4.91493642e+02   
    1.17000000e+02     5.85000000e-02    -3.40447002e+01     4.20456088e+02     2.51281700e+01    -7.68526926e+01    -2.54070722e+02   
    1.18000000e+02     5.90000000e-02    -3.40341233e+01     4.20336158e+02     2.51281700e+01    -7.67813018e+01    -4.76906583e+00   
    1.19000000e+02     5.95000000e-02    -3.40513308e+01     4.26046980e+02     2.51281700e+01    -7.74044274e+01     2.23570764e+02   
    1.20000000e+02     6.00000000e-02    -3.40891524e+01     4.40674338e+02     2.51281700e+01    -7.85056240e+01     4.21775385e+02   
    1.21000000e+02     6.05000000e-02    -3.41227062e+01     4.54441851e+02     2.51281700e+01    -7.95255157e+01     5.79596062e+02   
    1.22000000e+02     6.10000000e-02    -3.41235662e+01     4.58146142e+02     2.51281700e+01    -7.99628734e+01     6.88251480e+02   
    1.23000000e+02     6.15000000e-02    -3.41038736e+01     4.55264812e+02     2.51281700e+01    -7.97888723e+01     7.45313370e+02   
    1.24000000e+02     6.20000000e-02    -3.40885618e+01     4.46913770e+02     2.51281700e+01    -7.93121599e+01     7.37226565e+02   
    1.25000000e+02     6.25000000e-02    -3.40845266e+01     4.40231006e+02     2.51281700e+01    -7.88092330e+01     6.61871451e+02   
    1.26000000e+02     6.30000000e-02    -3.40756775e+01     4.34317297e+02     2.51281700e+01    -7.84052181e+01     5.16289117e+02   
    1.27000000e+02     6.35000000e-02    -3.40614540e+01     4.33176221e+02     2.51281700e+01    -7.82488214e+01     3.13661598e+02   
    1.28000000e+02     6.40000000e-02    -3.40615502e+01     4.36578621e+02     2.51281700e+01    -7.85091709e+01     7.07873669e+01   
    1.29000000e+02     6.45000000e-02    -3.40771897e+01     4.44676765e+02     2.51281700e+01    -7.91421623e+01    -1.81798496e+02   
    1.30000000e+02     6.50000000e-02    -3.41003844e+01     4.51919745e+02     2.51281700e+01    -7.98492542e+01    -4.13454028e+02   
    1.31000000e+02     6.55000000e-02    -3.41123413e+01     4.55427046e+02     2.51281700e+01    -8.02651945e+01    -5.88864022e+02   
    1.32000000e+02     6.60000000e-02    -3.41124936e+01     4.52042569e+02     2.51281700e+01    -8.01944706e+01    -6.85527305e+02   
    1.33000000e+02     6.65000000e-02    -3.41034610e+01     4.45283548e+02     2.51281700e+01    -7.96440945e+01    -6.90283579e+02   
    1.34000000e+02     6.70000000e-02    -3.40839652e+01     4.33759232e+02     2.51281700e+01    -7.87772255e+01    -6.15771002e+02   
    1.35000000e+02     6.75000000e-02    -3.40591213e+01     4.24598682e+02     2.51281700e+01    -7.79279984e+01    -4.79238642e+02   
    1.36000000e+02     6.80000000e-02    -3.40420419e+01     4.20463107e+02     2.51281700e+01    -7.75089791e+01    -3.09957106e+02   
    1.37000000e+02     6.85000000e-02    -3.40527859e+01     4.23628256e+02     2.51281700e+01    -7.77814227e+01    -1.31504866e+02   
    1.38000000e+02     6.90000000e-02    -3.40867579e+01     4.34690003e+02     2.51281700e+01    -7.86084666e+01     4.65246468e+01   
    1.39000000e+02     6.95000000e-02    -3.41184773e+01     4.44457527e+02     2.51281700e+01    -7.94942998e+01     2.15065001e+02   
    1.40000000e+02     7.00000000e-02    -3.41281358e+01     4.47881326e+02     2.51281700e+01    -7.99575712e+01     3.70324403e+02   
    1.41000000e+02     7.05000000e-02    -3.41128748e+01     4.47313961e+02     2.51281700e+01    -7.98742610e+01     5.08432586e+02   
    1.42000000e+02     7.10000000e-02    -3.40963002e+01     4.42194454e+02     2.51281700e+01    -7.94590998e+01     6.10231718e+02   
    1.43000000e+02     7.15000000e-02    -3.40906631e+01     4.32554452e+02     2.51281700e+01    -7.89874098e+01     6.55473002e+02   
    1.44000000e+02     7.20000000e-02    -3.40938079e+01     4.26009095e+02     2.51281700e+01    -7.85885353e+01     6.41550751e+02   
    1.45000000e+02     7.25000000e-02    -3.40859395e+01     4.20927857e+02     2.51281700e+01    -7.82805405e+01     5.62506202e+02   
    1.46000000e+02     7.30000000e-02    -3.40703760e+01     4.18674959e+02     2.51281700e+01    -7.81999243e+01     4.22476282e+02   
    1.47000000e+02     7.35000000e-02    -3.40709784e+01     4.20520939e+02     2.51281700e+01    -7.85611145e+01     2.32119827e+02   
    1.48000000e+02     7.40000000e-02    -3.40886475e+01     4.27405032e+02     2.51281700e+01    -7.93555706e+01     1.47251734e+01   
    1.49000000e+02     7.45000000e-02    -3.41149236e+01     4.36296691e+02     2.51281700e+01    -8.02811257e+01    -1.98924345e+02   
    1.50000000e+02     7.50000000e-02    -3.41308770e+01     4.42533134e+02     2.51281700e+01    -8.09189161e+01    -3.74832475e+02   
